2020-11-05 20:04:16,331 HttpClient.py [line:82] INFO 开始请求第1个接口,url:http://127.0.0.1:5000/api/huace/login,入参:{'username': 'admin', 'password': '123456'}
2020-11-05 20:04:16,348 HttpClient.py [line:90] INFO {'User-Agent': 'python-requests/2.19.1', 'Accept-Encoding': 'gzip, deflate', 'Accept': '*/*', 'Connection': 'keep-alive', 'Content-Type': 'application/json', 'Content-Length': '43', 'Authorization': 'Basic YWRtaW46aHVhY2UxMjM0NTY='}
2020-11-05 20:04:16,348 HttpClient.py [line:91] INFO <Response [200]>
2020-11-05 20:04:16,378 HttpClient.py [line:107] INFO 接口请求的头部信息{'User-Agent': 'python-requests/2.19.1', 'Accept-Encoding': 'gzip, deflate', 'Accept': '*/*', 'Connection': 'keep-alive', 'Content-Type': 'application/json', 'Content-Length': '43', 'Authorization': 'Basic YWRtaW46aHVhY2UxMjM0NTY='}
2020-11-05 20:04:16,388 HttpClient.py [line:108] INFO 接口请求完成，响应值{'adress': {'city': 'changsha'}, 'httpstatus': 200, 'info': {'age': 18, 'name': 'admin'}, 'msg': 'success', 'token': 'huacetest'}
2020-11-05 20:04:16,388 testcase.py [line:37] INFO 验证结果
2020-11-05 20:04:16,389 HttpClient.py [line:82] INFO 开始请求第2个接口,url:http://127.0.0.1:5000/api/huace/login,入参:{'username': 'admin', 'password': '12345678'}
2020-11-05 20:04:16,395 HttpClient.py [line:90] INFO {'User-Agent': 'python-requests/2.19.1', 'Accept-Encoding': 'gzip, deflate', 'Accept': '*/*', 'Connection': 'keep-alive', 'Content-Type': 'application/json', 'token': 'huacetest', 'Content-Length': '45', 'Authorization': 'Basic YWRtaW46aHVhY2UxMjM0NTY='}
2020-11-05 20:04:16,395 HttpClient.py [line:91] INFO <Response [200]>
2020-11-05 20:04:16,395 HttpClient.py [line:107] INFO 接口请求的头部信息{'User-Agent': 'python-requests/2.19.1', 'Accept-Encoding': 'gzip, deflate', 'Accept': '*/*', 'Connection': 'keep-alive', 'Content-Type': 'application/json', 'token': 'huacetest', 'Content-Length': '45', 'Authorization': 'Basic YWRtaW46aHVhY2UxMjM0NTY='}
2020-11-05 20:04:16,395 HttpClient.py [line:108] INFO 接口请求完成，响应值{'code': '001', 'msg': '用户名或密码错误'}
2020-11-05 20:04:16,396 testcase.py [line:37] INFO 验证结果
2020-11-05 20:06:19,957 HttpClient.py [line:82] INFO 开始请求第1个接口,url:http://127.0.0.1:5000/api/huace/login,入参:{'username': 'admin', 'password': '123456'}
2020-11-05 20:06:19,963 HttpClient.py [line:90] INFO {'User-Agent': 'python-requests/2.19.1', 'Accept-Encoding': 'gzip, deflate', 'Accept': '*/*', 'Connection': 'keep-alive', 'Content-Type': 'application/json', 'Content-Length': '43', 'Authorization': 'Basic YWRtaW46aHVhY2UxMjM0NTY='}
2020-11-05 20:06:19,963 HttpClient.py [line:91] INFO <Response [200]>
2020-11-05 20:06:19,986 HttpClient.py [line:107] INFO 接口请求的头部信息{'User-Agent': 'python-requests/2.19.1', 'Accept-Encoding': 'gzip, deflate', 'Accept': '*/*', 'Connection': 'keep-alive', 'Content-Type': 'application/json', 'Content-Length': '43', 'Authorization': 'Basic YWRtaW46aHVhY2UxMjM0NTY='}
2020-11-05 20:06:19,986 HttpClient.py [line:108] INFO 接口请求完成，响应值{'adress': {'city': 'changsha'}, 'httpstatus': 200, 'info': {'age': 18, 'name': 'admin'}, 'msg': 'success', 'token': 'huacetest'}
2020-11-05 20:06:19,986 testcase.py [line:37] INFO 验证结果
2020-11-05 20:06:19,987 HttpClient.py [line:82] INFO 开始请求第2个接口,url:http://127.0.0.1:5000/api/huace/login,入参:{'username': 'admin', 'password': '12345678'}
2020-11-05 20:06:19,993 HttpClient.py [line:90] INFO {'User-Agent': 'python-requests/2.19.1', 'Accept-Encoding': 'gzip, deflate', 'Accept': '*/*', 'Connection': 'keep-alive', 'Content-Type': 'application/json', 'token': 'huacetest', 'Content-Length': '45', 'Authorization': 'Basic YWRtaW46aHVhY2UxMjM0NTY='}
2020-11-05 20:06:19,993 HttpClient.py [line:91] INFO <Response [200]>
2020-11-05 20:06:19,993 HttpClient.py [line:107] INFO 接口请求的头部信息{'User-Agent': 'python-requests/2.19.1', 'Accept-Encoding': 'gzip, deflate', 'Accept': '*/*', 'Connection': 'keep-alive', 'Content-Type': 'application/json', 'token': 'huacetest', 'Content-Length': '45', 'Authorization': 'Basic YWRtaW46aHVhY2UxMjM0NTY='}
2020-11-05 20:06:19,993 HttpClient.py [line:108] INFO 接口请求完成，响应值{'code': '001', 'msg': '用户名或密码错误'}
2020-11-05 20:06:19,994 testcase.py [line:37] INFO 验证结果
2020-11-05 20:06:19,994 HttpClient.py [line:82] INFO 开始请求第3个接口,url:http://127.0.0.1:5000/api/huace/userInfo,入参:{'userid': '1'}
2020-11-05 20:06:20,008 HttpClient.py [line:90] INFO {'User-Agent': 'python-requests/2.19.1', 'Accept-Encoding': 'gzip, deflate', 'Accept': '*/*', 'Connection': 'keep-alive', 'Content-Type': 'application/json', 'token': 'huacetest', 'Content-Length': '15', 'Authorization': 'Basic YWRtaW46aHVhY2UxMjM0NTY='}
2020-11-05 20:06:20,008 HttpClient.py [line:91] INFO <Response [500]>
2020-11-05 20:08:59,640 HttpClient.py [line:82] INFO 开始请求第1个接口,url:http://127.0.0.1:5000/api/huace/login,入参:{'username': 'admin', 'password': '123456'}
2020-11-05 20:08:59,645 HttpClient.py [line:90] INFO {'User-Agent': 'python-requests/2.19.1', 'Accept-Encoding': 'gzip, deflate', 'Accept': '*/*', 'Connection': 'keep-alive', 'Content-Type': 'application/json', 'Content-Length': '43', 'Authorization': 'Basic YWRtaW46aHVhY2UxMjM0NTY='}
2020-11-05 20:08:59,645 HttpClient.py [line:91] INFO <Response [200]>
2020-11-05 20:08:59,664 HttpClient.py [line:107] INFO 接口请求的头部信息{'User-Agent': 'python-requests/2.19.1', 'Accept-Encoding': 'gzip, deflate', 'Accept': '*/*', 'Connection': 'keep-alive', 'Content-Type': 'application/json', 'Content-Length': '43', 'Authorization': 'Basic YWRtaW46aHVhY2UxMjM0NTY='}
2020-11-05 20:08:59,664 HttpClient.py [line:108] INFO 接口请求完成，响应值{'adress': {'city': 'changsha'}, 'httpstatus': 200, 'info': {'age': 18, 'name': 'admin'}, 'msg': 'success', 'token': 'huacetest'}
2020-11-05 20:08:59,664 testcase.py [line:38] INFO 验证结果
2020-11-05 20:08:59,664 HttpClient.py [line:82] INFO 开始请求第2个接口,url:http://127.0.0.1:5000/api/huace/login,入参:{'username': 'admin', 'password': '12345678'}
2020-11-05 20:08:59,670 HttpClient.py [line:90] INFO {'User-Agent': 'python-requests/2.19.1', 'Accept-Encoding': 'gzip, deflate', 'Accept': '*/*', 'Connection': 'keep-alive', 'Content-Type': 'application/json', 'token': 'huacetest', 'Content-Length': '45', 'Authorization': 'Basic YWRtaW46aHVhY2UxMjM0NTY='}
2020-11-05 20:08:59,670 HttpClient.py [line:91] INFO <Response [200]>
2020-11-05 20:08:59,670 HttpClient.py [line:107] INFO 接口请求的头部信息{'User-Agent': 'python-requests/2.19.1', 'Accept-Encoding': 'gzip, deflate', 'Accept': '*/*', 'Connection': 'keep-alive', 'Content-Type': 'application/json', 'token': 'huacetest', 'Content-Length': '45', 'Authorization': 'Basic YWRtaW46aHVhY2UxMjM0NTY='}
2020-11-05 20:08:59,670 HttpClient.py [line:108] INFO 接口请求完成，响应值{'code': '001', 'msg': '用户名或密码错误'}
2020-11-05 20:08:59,670 testcase.py [line:38] INFO 验证结果
2020-11-05 20:08:59,671 HttpClient.py [line:82] INFO 开始请求第3个接口,url:http://127.0.0.1:5000/api/huace/userInfo,入参:{'userid': '1'}
2020-11-05 20:08:59,684 HttpClient.py [line:90] INFO {'User-Agent': 'python-requests/2.19.1', 'Accept-Encoding': 'gzip, deflate', 'Accept': '*/*', 'Connection': 'keep-alive', 'Content-Type': 'application/x-www-form-urlencoded', 'token': 'huacetest', 'Content-Length': '15', 'Authorization': 'Basic YWRtaW46aHVhY2UxMjM0NTY='}
2020-11-05 20:08:59,684 HttpClient.py [line:91] INFO <Response [500]>
2020-11-05 20:10:46,811 HttpClient.py [line:82] INFO 开始请求第1个接口,url:http://127.0.0.1:5000/api/huace/login,入参:{'username': 'admin', 'password': '123456'}
2020-11-05 20:10:46,819 HttpClient.py [line:90] INFO {'User-Agent': 'python-requests/2.19.1', 'Accept-Encoding': 'gzip, deflate', 'Accept': '*/*', 'Connection': 'keep-alive', 'Content-Type': 'application/json', 'Content-Length': '30', 'Authorization': 'Basic YWRtaW46aHVhY2UxMjM0NTY='}
2020-11-05 20:10:46,820 HttpClient.py [line:91] INFO <Response [400]>
2020-11-05 20:10:46,823 HttpClient.py [line:82] INFO 开始请求第2个接口,url:http://127.0.0.1:5000/api/huace/login,入参:{'username': 'admin', 'password': '12345678'}
2020-11-05 20:10:46,830 HttpClient.py [line:90] INFO {'User-Agent': 'python-requests/2.19.1', 'Accept-Encoding': 'gzip, deflate', 'Accept': '*/*', 'Connection': 'keep-alive', 'Content-Type': 'application/json', 'Content-Length': '32', 'Authorization': 'Basic YWRtaW46aHVhY2UxMjM0NTY='}
2020-11-05 20:10:46,831 HttpClient.py [line:91] INFO <Response [400]>
2020-11-05 20:10:46,832 HttpClient.py [line:82] INFO 开始请求第3个接口,url:http://127.0.0.1:5000/api/huace/userInfo,入参:{'userid': '1'}
2020-11-05 20:10:46,837 HttpClient.py [line:90] INFO {'User-Agent': 'python-requests/2.19.1', 'Accept-Encoding': 'gzip, deflate', 'Accept': '*/*', 'Connection': 'keep-alive', 'Content-Type': 'application/x-www-form-urlencoded', 'Content-Length': '8', 'Authorization': 'Basic YWRtaW46aHVhY2UxMjM0NTY='}
2020-11-05 20:10:46,837 HttpClient.py [line:91] INFO <Response [200]>
2020-11-05 20:10:46,838 HttpClient.py [line:107] INFO 接口请求的头部信息{'User-Agent': 'python-requests/2.19.1', 'Accept-Encoding': 'gzip, deflate', 'Accept': '*/*', 'Connection': 'keep-alive', 'Content-Type': 'application/x-www-form-urlencoded', 'Content-Length': '8', 'Authorization': 'Basic YWRtaW46aHVhY2UxMjM0NTY='}
2020-11-05 20:10:46,838 HttpClient.py [line:108] INFO 接口请求完成，响应值{'code': '000', 'data': [{'name': 'admin'}, {'userid': '001'}]}
2020-11-05 20:10:46,838 testcase.py [line:38] INFO 验证结果
2020-11-05 20:14:02,493 HttpClient.py [line:82] INFO 开始请求第1个接口,url:http://127.0.0.1:5000/api/huace/login,入参:{'username': 'admin', 'password': '123456'}
2020-11-05 20:14:02,498 HttpClient.py [line:93] INFO {'User-Agent': 'python-requests/2.19.1', 'Accept-Encoding': 'gzip, deflate', 'Accept': '*/*', 'Connection': 'keep-alive', 'Content-Type': 'application/json', 'Content-Length': '43', 'Authorization': 'Basic YWRtaW46aHVhY2UxMjM0NTY='}
2020-11-05 20:14:02,498 HttpClient.py [line:94] INFO <Response [200]>
2020-11-05 20:14:02,522 HttpClient.py [line:110] INFO 接口请求的头部信息{'User-Agent': 'python-requests/2.19.1', 'Accept-Encoding': 'gzip, deflate', 'Accept': '*/*', 'Connection': 'keep-alive', 'Content-Type': 'application/json', 'Content-Length': '43', 'Authorization': 'Basic YWRtaW46aHVhY2UxMjM0NTY='}
2020-11-05 20:14:02,522 HttpClient.py [line:111] INFO 接口请求完成，响应值{'adress': {'city': 'changsha'}, 'httpstatus': 200, 'info': {'age': 18, 'name': 'admin'}, 'msg': 'success', 'token': 'huacetest'}
2020-11-05 20:14:02,522 testcase.py [line:38] INFO 验证结果
2020-11-05 20:14:02,523 HttpClient.py [line:82] INFO 开始请求第2个接口,url:http://127.0.0.1:5000/api/huace/login,入参:{'username': 'admin', 'password': '12345678'}
2020-11-05 20:14:02,528 HttpClient.py [line:93] INFO {'User-Agent': 'python-requests/2.19.1', 'Accept-Encoding': 'gzip, deflate', 'Accept': '*/*', 'Connection': 'keep-alive', 'Content-Type': 'application/json', 'token': 'huacetest', 'Content-Length': '45', 'Authorization': 'Basic YWRtaW46aHVhY2UxMjM0NTY='}
2020-11-05 20:14:02,528 HttpClient.py [line:94] INFO <Response [200]>
2020-11-05 20:14:02,529 HttpClient.py [line:110] INFO 接口请求的头部信息{'User-Agent': 'python-requests/2.19.1', 'Accept-Encoding': 'gzip, deflate', 'Accept': '*/*', 'Connection': 'keep-alive', 'Content-Type': 'application/json', 'token': 'huacetest', 'Content-Length': '45', 'Authorization': 'Basic YWRtaW46aHVhY2UxMjM0NTY='}
2020-11-05 20:14:02,529 HttpClient.py [line:111] INFO 接口请求完成，响应值{'code': '001', 'msg': '用户名或密码错误'}
2020-11-05 20:14:02,529 testcase.py [line:38] INFO 验证结果
2020-11-05 20:14:02,529 HttpClient.py [line:82] INFO 开始请求第3个接口,url:http://127.0.0.1:5000/api/huace/userInfo,入参:{'userid': '1'}
2020-11-05 20:14:02,533 HttpClient.py [line:93] INFO {'User-Agent': 'python-requests/2.19.1', 'Accept-Encoding': 'gzip, deflate', 'Accept': '*/*', 'Connection': 'keep-alive', 'Content-Type': 'application/x-www-form-urlencoded', 'token': 'huacetest', 'Content-Length': '8', 'Authorization': 'Basic YWRtaW46aHVhY2UxMjM0NTY='}
2020-11-05 20:14:02,533 HttpClient.py [line:94] INFO <Response [200]>
2020-11-05 20:14:02,533 HttpClient.py [line:110] INFO 接口请求的头部信息{'User-Agent': 'python-requests/2.19.1', 'Accept-Encoding': 'gzip, deflate', 'Accept': '*/*', 'Connection': 'keep-alive', 'Content-Type': 'application/x-www-form-urlencoded', 'token': 'huacetest', 'Content-Length': '8', 'Authorization': 'Basic YWRtaW46aHVhY2UxMjM0NTY='}
2020-11-05 20:14:02,533 HttpClient.py [line:111] INFO 接口请求完成，响应值{'code': '000', 'data': [{'name': 'admin'}, {'userid': '001'}]}
2020-11-05 20:14:02,533 testcase.py [line:38] INFO 验证结果
2020-11-05 20:17:41,964 HttpClient.py [line:82] INFO 开始请求第1个接口,url:http://127.0.0.1:5000/api/huace/login,入参:{'username': 'admin', 'password': '123456'}
2020-11-05 20:17:41,970 HttpClient.py [line:93] INFO {'User-Agent': 'python-requests/2.19.1', 'Accept-Encoding': 'gzip, deflate', 'Accept': '*/*', 'Connection': 'keep-alive', 'Content-Type': 'application/json', 'Content-Length': '43', 'Authorization': 'Basic YWRtaW46aHVhY2UxMjM0NTY='}
2020-11-05 20:17:41,970 HttpClient.py [line:94] INFO <Response [200]>
2020-11-05 20:17:41,993 HttpClient.py [line:110] INFO 接口请求的头部信息{'User-Agent': 'python-requests/2.19.1', 'Accept-Encoding': 'gzip, deflate', 'Accept': '*/*', 'Connection': 'keep-alive', 'Content-Type': 'application/json', 'Content-Length': '43', 'Authorization': 'Basic YWRtaW46aHVhY2UxMjM0NTY='}
2020-11-05 20:17:41,993 HttpClient.py [line:111] INFO 接口请求完成，响应值{'adress': {'city': 'changsha'}, 'httpstatus': 200, 'info': {'age': 18, 'name': 'admin'}, 'msg': 'success', 'token': 'huacetest'}
2020-11-05 20:17:41,993 testcase.py [line:38] INFO 验证结果
2020-11-05 20:17:41,994 HttpClient.py [line:82] INFO 开始请求第2个接口,url:http://127.0.0.1:5000/api/huace/login,入参:{'username': 'admin', 'password': '12345678'}
2020-11-05 20:17:41,997 HttpClient.py [line:93] INFO {'User-Agent': 'python-requests/2.19.1', 'Accept-Encoding': 'gzip, deflate', 'Accept': '*/*', 'Connection': 'keep-alive', 'Content-Type': 'application/json', 'token': 'huacetest', 'Content-Length': '45', 'Authorization': 'Basic YWRtaW46aHVhY2UxMjM0NTY='}
2020-11-05 20:17:41,998 HttpClient.py [line:94] INFO <Response [200]>
2020-11-05 20:17:41,998 HttpClient.py [line:110] INFO 接口请求的头部信息{'User-Agent': 'python-requests/2.19.1', 'Accept-Encoding': 'gzip, deflate', 'Accept': '*/*', 'Connection': 'keep-alive', 'Content-Type': 'application/json', 'token': 'huacetest', 'Content-Length': '45', 'Authorization': 'Basic YWRtaW46aHVhY2UxMjM0NTY='}
2020-11-05 20:17:41,998 HttpClient.py [line:111] INFO 接口请求完成，响应值{'code': '001', 'msg': '用户名或密码错误'}
2020-11-05 20:17:41,998 testcase.py [line:38] INFO 验证结果
2020-11-05 20:17:41,998 HttpClient.py [line:82] INFO 开始请求第3个接口,url:http://127.0.0.1:5000/api/huace/userInfo,入参:{'userid': '1'}
2020-11-05 20:17:42,002 HttpClient.py [line:93] INFO {'User-Agent': 'python-requests/2.19.1', 'Accept-Encoding': 'gzip, deflate', 'Accept': '*/*', 'Connection': 'keep-alive', 'Content-Type': 'application/x-www-form-urlencoded', 'token': 'huacetest', 'Content-Length': '8', 'Authorization': 'Basic YWRtaW46aHVhY2UxMjM0NTY='}
2020-11-05 20:17:42,002 HttpClient.py [line:94] INFO <Response [200]>
2020-11-05 20:17:42,002 HttpClient.py [line:110] INFO 接口请求的头部信息{'User-Agent': 'python-requests/2.19.1', 'Accept-Encoding': 'gzip, deflate', 'Accept': '*/*', 'Connection': 'keep-alive', 'Content-Type': 'application/x-www-form-urlencoded', 'token': 'huacetest', 'Content-Length': '8', 'Authorization': 'Basic YWRtaW46aHVhY2UxMjM0NTY='}
2020-11-05 20:17:42,002 HttpClient.py [line:111] INFO 接口请求完成，响应值{'code': '000', 'data': [{'name': 'admin'}, {'userid': '001'}]}
2020-11-05 20:17:42,003 testcase.py [line:38] INFO 验证结果
2020-11-05 20:17:42,003 HttpClient.py [line:82] INFO 开始请求第4个接口,url:http://127.0.0.1:5000/api/huace/login,入参:{'username': 'admin111', 'password': '123456'}
2020-11-05 20:17:42,022 HttpClient.py [line:93] INFO {'User-Agent': 'python-requests/2.19.1', 'Accept-Encoding': 'gzip, deflate', 'Accept': '*/*', 'Connection': 'keep-alive', 'Content-Type': 'application/x-www-form-urlencoded', 'token': 'huacetest', 'Content-Length': '46', 'Authorization': 'Basic YWRtaW46aHVhY2UxMjM0NTY='}
2020-11-05 20:17:42,023 HttpClient.py [line:94] INFO <Response [500]>
2020-11-05 20:22:54,223 HttpClient.py [line:82] INFO 开始请求第1个接口,url:http://127.0.0.1:5000/api/huace/login,入参:{'username': 'admin', 'password': '123456'}
2020-11-05 20:22:54,229 HttpClient.py [line:93] INFO {'User-Agent': 'python-requests/2.19.1', 'Accept-Encoding': 'gzip, deflate', 'Accept': '*/*', 'Connection': 'keep-alive', 'Content-Type': 'application/json', 'Content-Length': '43', 'Authorization': 'Basic YWRtaW46aHVhY2UxMjM0NTY='}
2020-11-05 20:22:54,229 HttpClient.py [line:94] INFO <Response [200]>
2020-11-05 20:22:54,254 HttpClient.py [line:110] INFO 接口请求的头部信息{'User-Agent': 'python-requests/2.19.1', 'Accept-Encoding': 'gzip, deflate', 'Accept': '*/*', 'Connection': 'keep-alive', 'Content-Type': 'application/json', 'Content-Length': '43', 'Authorization': 'Basic YWRtaW46aHVhY2UxMjM0NTY='}
2020-11-05 20:22:54,254 HttpClient.py [line:111] INFO 接口请求完成，响应值{'adress': {'city': 'changsha'}, 'httpstatus': 200, 'info': {'age': 18, 'name': 'admin'}, 'msg': 'success', 'token': 'huacetest'}
2020-11-05 20:22:54,255 testcase.py [line:43] INFO 验证结果
2020-11-05 20:22:54,255 HttpClient.py [line:82] INFO 开始请求第2个接口,url:http://127.0.0.1:5000/api/huace/login,入参:{'username': 'admin', 'password': '12345678'}
2020-11-05 20:22:54,261 HttpClient.py [line:93] INFO {'User-Agent': 'python-requests/2.19.1', 'Accept-Encoding': 'gzip, deflate', 'Accept': '*/*', 'Connection': 'keep-alive', 'Content-Type': 'application/json', 'token': 'huacetest', 'Content-Length': '45', 'Authorization': 'Basic YWRtaW46aHVhY2UxMjM0NTY='}
2020-11-05 20:22:54,261 HttpClient.py [line:94] INFO <Response [200]>
2020-11-05 20:22:54,261 HttpClient.py [line:110] INFO 接口请求的头部信息{'User-Agent': 'python-requests/2.19.1', 'Accept-Encoding': 'gzip, deflate', 'Accept': '*/*', 'Connection': 'keep-alive', 'Content-Type': 'application/json', 'token': 'huacetest', 'Content-Length': '45', 'Authorization': 'Basic YWRtaW46aHVhY2UxMjM0NTY='}
2020-11-05 20:22:54,261 HttpClient.py [line:111] INFO 接口请求完成，响应值{'code': '001', 'msg': '用户名或密码错误'}
2020-11-05 20:22:54,262 testcase.py [line:43] INFO 验证结果
2020-11-05 20:22:54,262 HttpClient.py [line:82] INFO 开始请求第3个接口,url:http://127.0.0.1:5000/api/huace/userInfo,入参:{'userid': '1'}
2020-11-05 20:22:54,267 HttpClient.py [line:93] INFO {'User-Agent': 'python-requests/2.19.1', 'Accept-Encoding': 'gzip, deflate', 'Accept': '*/*', 'Connection': 'keep-alive', 'Content-Type': 'application/x-www-form-urlencoded', 'token': 'huacetest', 'Content-Length': '8', 'Authorization': 'Basic YWRtaW46aHVhY2UxMjM0NTY='}
2020-11-05 20:22:54,267 HttpClient.py [line:94] INFO <Response [200]>
2020-11-05 20:22:54,267 HttpClient.py [line:110] INFO 接口请求的头部信息{'User-Agent': 'python-requests/2.19.1', 'Accept-Encoding': 'gzip, deflate', 'Accept': '*/*', 'Connection': 'keep-alive', 'Content-Type': 'application/x-www-form-urlencoded', 'token': 'huacetest', 'Content-Length': '8', 'Authorization': 'Basic YWRtaW46aHVhY2UxMjM0NTY='}
2020-11-05 20:22:54,268 HttpClient.py [line:111] INFO 接口请求完成，响应值{'code': '000', 'data': [{'name': 'admin'}, {'userid': '001'}]}
2020-11-05 20:22:54,268 testcase.py [line:43] INFO 验证结果
2020-11-05 20:22:54,268 HttpClient.py [line:82] INFO 开始请求第4个接口,url:http://127.0.0.1:5000/api/huace/login,入参:{'username': 'admin111', 'password': '123456'}
2020-11-05 20:22:54,284 HttpClient.py [line:93] INFO {'User-Agent': 'python-requests/2.19.1', 'Accept-Encoding': 'gzip, deflate', 'Accept': '*/*', 'Connection': 'keep-alive', 'Content-Type': 'application/x-www-form-urlencoded', 'token': 'huacetest', 'Content-Length': '46', 'Authorization': 'Basic YWRtaW46aHVhY2UxMjM0NTY='}
2020-11-05 20:22:54,285 HttpClient.py [line:94] INFO <Response [500]>
2020-11-05 20:24:35,430 HttpClient.py [line:82] INFO 开始请求第1个接口,url:http://127.0.0.1:5000/api/huace/login,入参:{'username': 'admin', 'password': '123456'}
2020-11-05 20:24:35,437 HttpClient.py [line:93] INFO {'User-Agent': 'python-requests/2.19.1', 'Accept-Encoding': 'gzip, deflate', 'Accept': '*/*', 'Connection': 'keep-alive', 'Content-Type': 'application/json', 'Content-Length': '43', 'Authorization': 'Basic YWRtaW46aHVhY2UxMjM0NTY='}
2020-11-05 20:24:35,437 HttpClient.py [line:94] INFO <Response [200]>
2020-11-05 20:24:35,456 HttpClient.py [line:110] INFO 接口请求的头部信息{'User-Agent': 'python-requests/2.19.1', 'Accept-Encoding': 'gzip, deflate', 'Accept': '*/*', 'Connection': 'keep-alive', 'Content-Type': 'application/json', 'Content-Length': '43', 'Authorization': 'Basic YWRtaW46aHVhY2UxMjM0NTY='}
2020-11-05 20:24:35,456 HttpClient.py [line:111] INFO 接口请求完成，响应值{'adress': {'city': 'changsha'}, 'httpstatus': 200, 'info': {'age': 18, 'name': 'admin'}, 'msg': 'success', 'token': 'huacetest'}
2020-11-05 20:24:35,456 testcase.py [line:44] INFO 验证结果
2020-11-05 20:24:35,456 HttpClient.py [line:82] INFO 开始请求第2个接口,url:http://127.0.0.1:5000/api/huace/login,入参:{'username': 'admin', 'password': '12345678'}
2020-11-05 20:24:35,460 HttpClient.py [line:93] INFO {'User-Agent': 'python-requests/2.19.1', 'Accept-Encoding': 'gzip, deflate', 'Accept': '*/*', 'Connection': 'keep-alive', 'Content-Type': 'application/json', 'token': 'huacetest', 'Content-Length': '45', 'Authorization': 'Basic YWRtaW46aHVhY2UxMjM0NTY='}
2020-11-05 20:24:35,461 HttpClient.py [line:94] INFO <Response [200]>
2020-11-05 20:24:35,461 HttpClient.py [line:110] INFO 接口请求的头部信息{'User-Agent': 'python-requests/2.19.1', 'Accept-Encoding': 'gzip, deflate', 'Accept': '*/*', 'Connection': 'keep-alive', 'Content-Type': 'application/json', 'token': 'huacetest', 'Content-Length': '45', 'Authorization': 'Basic YWRtaW46aHVhY2UxMjM0NTY='}
2020-11-05 20:24:35,461 HttpClient.py [line:111] INFO 接口请求完成，响应值{'code': '001', 'msg': '用户名或密码错误'}
2020-11-05 20:24:35,461 testcase.py [line:44] INFO 验证结果
2020-11-05 20:24:35,461 HttpClient.py [line:82] INFO 开始请求第3个接口,url:http://127.0.0.1:5000/api/huace/userInfo,入参:{'userid': '1'}
2020-11-05 20:24:35,466 HttpClient.py [line:93] INFO {'User-Agent': 'python-requests/2.19.1', 'Accept-Encoding': 'gzip, deflate', 'Accept': '*/*', 'Connection': 'keep-alive', 'Content-Type': 'application/x-www-form-urlencoded', 'token': 'huacetest', 'Content-Length': '8', 'Authorization': 'Basic YWRtaW46aHVhY2UxMjM0NTY='}
2020-11-05 20:24:35,467 HttpClient.py [line:94] INFO <Response [200]>
2020-11-05 20:24:35,468 HttpClient.py [line:110] INFO 接口请求的头部信息{'User-Agent': 'python-requests/2.19.1', 'Accept-Encoding': 'gzip, deflate', 'Accept': '*/*', 'Connection': 'keep-alive', 'Content-Type': 'application/x-www-form-urlencoded', 'token': 'huacetest', 'Content-Length': '8', 'Authorization': 'Basic YWRtaW46aHVhY2UxMjM0NTY='}
2020-11-05 20:24:35,468 HttpClient.py [line:111] INFO 接口请求完成，响应值{'code': '000', 'data': [{'name': 'admin'}, {'userid': '001'}]}
2020-11-05 20:24:35,469 testcase.py [line:44] INFO 验证结果
2020-11-05 20:24:35,469 HttpClient.py [line:82] INFO 开始请求第4个接口,url:http://127.0.0.1:5000/api/huace/login,入参:{'username': 'admin111', 'password': '123456'}
2020-11-05 20:24:35,474 HttpClient.py [line:93] INFO {'User-Agent': 'python-requests/2.19.1', 'Accept-Encoding': 'gzip, deflate', 'Accept': '*/*', 'Connection': 'keep-alive', 'Content-Type': 'application/json', 'token': 'huacetest', 'Content-Length': '46', 'Authorization': 'Basic YWRtaW46aHVhY2UxMjM0NTY='}
2020-11-05 20:24:35,475 HttpClient.py [line:94] INFO <Response [200]>
2020-11-05 20:24:35,475 HttpClient.py [line:110] INFO 接口请求的头部信息{'User-Agent': 'python-requests/2.19.1', 'Accept-Encoding': 'gzip, deflate', 'Accept': '*/*', 'Connection': 'keep-alive', 'Content-Type': 'application/json', 'token': 'huacetest', 'Content-Length': '46', 'Authorization': 'Basic YWRtaW46aHVhY2UxMjM0NTY='}
2020-11-05 20:24:35,475 HttpClient.py [line:111] INFO 接口请求完成，响应值{'code': '001', 'msg': '用户名或密码错误'}
2020-11-05 20:24:35,475 testcase.py [line:44] INFO 验证结果
2020-11-05 20:40:26,023 HttpClient.py [line:83] INFO 开始请求第1个接口,url:http://127.0.0.1:5000/api/huace/login,入参:{'username': 'admin', 'password': '123456'}
2020-11-05 20:40:26,030 HttpClient.py [line:94] INFO {'User-Agent': 'python-requests/2.19.1', 'Accept-Encoding': 'gzip, deflate', 'Accept': '*/*', 'Connection': 'keep-alive', 'Content-Type': 'application/json', 'Content-Length': '43', 'Authorization': 'Basic YWRtaW46aHVhY2UxMjM0NTY='}
2020-11-05 20:40:26,030 HttpClient.py [line:95] INFO <Response [200]>
2020-11-05 20:40:26,050 HttpClient.py [line:111] INFO 接口请求的头部信息{'User-Agent': 'python-requests/2.19.1', 'Accept-Encoding': 'gzip, deflate', 'Accept': '*/*', 'Connection': 'keep-alive', 'Content-Type': 'application/json', 'Content-Length': '43', 'Authorization': 'Basic YWRtaW46aHVhY2UxMjM0NTY='}
2020-11-05 20:40:26,051 HttpClient.py [line:112] INFO 接口请求完成，响应值{'adress': {'city': 'changsha'}, 'httpstatus': 200, 'info': {'age': 18, 'name': 'admin'}, 'msg': 'success', 'token': 'huacetest'}
2020-11-05 20:40:26,051 testcase.py [line:44] INFO 验证结果
2020-11-05 20:40:26,051 HttpClient.py [line:83] INFO 开始请求第2个接口,url:http://127.0.0.1:5000/api/huace/login,入参:{'username': 'admin', 'password': '12345678'}
2020-11-05 20:40:26,055 HttpClient.py [line:94] INFO {'User-Agent': 'python-requests/2.19.1', 'Accept-Encoding': 'gzip, deflate', 'Accept': '*/*', 'Connection': 'keep-alive', 'Content-Type': 'application/json', 'token': 'huacetest', 'Content-Length': '45', 'Authorization': 'Basic YWRtaW46aHVhY2UxMjM0NTY='}
2020-11-05 20:40:26,056 HttpClient.py [line:95] INFO <Response [200]>
2020-11-05 20:40:26,056 HttpClient.py [line:111] INFO 接口请求的头部信息{'User-Agent': 'python-requests/2.19.1', 'Accept-Encoding': 'gzip, deflate', 'Accept': '*/*', 'Connection': 'keep-alive', 'Content-Type': 'application/json', 'token': 'huacetest', 'Content-Length': '45', 'Authorization': 'Basic YWRtaW46aHVhY2UxMjM0NTY='}
2020-11-05 20:40:26,056 HttpClient.py [line:112] INFO 接口请求完成，响应值{'code': '001', 'msg': '用户名或密码错误'}
2020-11-05 20:40:26,056 testcase.py [line:44] INFO 验证结果
2020-11-05 20:40:26,057 HttpClient.py [line:83] INFO 开始请求第3个接口,url:http://127.0.0.1:5000/api/huace/userInfo,入参:{'userid': '1'}
2020-11-05 20:40:26,062 HttpClient.py [line:94] INFO {'User-Agent': 'python-requests/2.19.1', 'Accept-Encoding': 'gzip, deflate', 'Accept': '*/*', 'Connection': 'keep-alive', 'Content-Type': 'application/x-www-form-urlencoded', 'token': 'huacetest', 'Content-Length': '8', 'Authorization': 'Basic YWRtaW46aHVhY2UxMjM0NTY='}
2020-11-05 20:40:26,062 HttpClient.py [line:95] INFO <Response [200]>
2020-11-05 20:40:26,062 HttpClient.py [line:111] INFO 接口请求的头部信息{'User-Agent': 'python-requests/2.19.1', 'Accept-Encoding': 'gzip, deflate', 'Accept': '*/*', 'Connection': 'keep-alive', 'Content-Type': 'application/x-www-form-urlencoded', 'token': 'huacetest', 'Content-Length': '8', 'Authorization': 'Basic YWRtaW46aHVhY2UxMjM0NTY='}
2020-11-05 20:40:26,062 HttpClient.py [line:112] INFO 接口请求完成，响应值{'code': '000', 'data': [{'name': 'admin'}, {'userid': '001'}]}
2020-11-05 20:40:26,062 testcase.py [line:44] INFO 验证结果
2020-11-05 20:40:26,063 HttpClient.py [line:83] INFO 开始请求第4个接口,url:http://127.0.0.1:5000/api/huace/login,入参:{'username': 'admin111', 'password': '123456'}
2020-11-05 20:40:26,066 HttpClient.py [line:94] INFO {'User-Agent': 'python-requests/2.19.1', 'Accept-Encoding': 'gzip, deflate', 'Accept': '*/*', 'Connection': 'keep-alive', 'Content-Type': 'application/json', 'token': 'huacetest', 'Content-Length': '46', 'Authorization': 'Basic YWRtaW46aHVhY2UxMjM0NTY='}
2020-11-05 20:40:26,067 HttpClient.py [line:95] INFO <Response [200]>
2020-11-05 20:40:26,067 HttpClient.py [line:111] INFO 接口请求的头部信息{'User-Agent': 'python-requests/2.19.1', 'Accept-Encoding': 'gzip, deflate', 'Accept': '*/*', 'Connection': 'keep-alive', 'Content-Type': 'application/json', 'token': 'huacetest', 'Content-Length': '46', 'Authorization': 'Basic YWRtaW46aHVhY2UxMjM0NTY='}
2020-11-05 20:40:26,067 HttpClient.py [line:112] INFO 接口请求完成，响应值{'code': '001', 'msg': '用户名或密码错误'}
2020-11-05 20:40:26,067 testcase.py [line:44] INFO 验证结果
2020-11-05 20:44:16,285 HttpClient.py [line:83] INFO 开始请求第1个接口,url:http://127.0.0.1:5000/api/huace/login,入参:{'username': 'admin', 'password': '123456'}
2020-11-05 20:44:16,290 HttpClient.py [line:94] INFO {'User-Agent': 'python-requests/2.19.1', 'Accept-Encoding': 'gzip, deflate', 'Accept': '*/*', 'Connection': 'keep-alive', 'Content-Type': 'application/json', 'Content-Length': '43', 'Authorization': 'Basic YWRtaW46aHVhY2UxMjM0NTY='}
2020-11-05 20:44:16,290 HttpClient.py [line:95] INFO <Response [200]>
2020-11-05 20:44:16,309 HttpClient.py [line:111] INFO 接口请求的头部信息{'User-Agent': 'python-requests/2.19.1', 'Accept-Encoding': 'gzip, deflate', 'Accept': '*/*', 'Connection': 'keep-alive', 'Content-Type': 'application/json', 'Content-Length': '43', 'Authorization': 'Basic YWRtaW46aHVhY2UxMjM0NTY='}
2020-11-05 20:44:16,309 HttpClient.py [line:112] INFO 接口请求完成，响应值{'adress': {'city': 'changsha'}, 'httpstatus': 200, 'info': {'age': 18, 'name': 'admin'}, 'msg': 'success', 'token': 'huacetest'}
2020-11-05 20:44:16,310 testcase.py [line:44] INFO 验证结果
2020-11-05 20:44:16,310 HttpClient.py [line:83] INFO 开始请求第2个接口,url:http://127.0.0.1:5000/api/huace/login,入参:{'username': 'admin', 'password': '12345678'}
2020-11-05 20:44:16,314 HttpClient.py [line:94] INFO {'User-Agent': 'python-requests/2.19.1', 'Accept-Encoding': 'gzip, deflate', 'Accept': '*/*', 'Connection': 'keep-alive', 'Content-Type': 'application/json', 'token': 'huacetest', 'Content-Length': '45', 'Authorization': 'Basic YWRtaW46aHVhY2UxMjM0NTY='}
2020-11-05 20:44:16,314 HttpClient.py [line:95] INFO <Response [200]>
2020-11-05 20:44:16,315 HttpClient.py [line:111] INFO 接口请求的头部信息{'User-Agent': 'python-requests/2.19.1', 'Accept-Encoding': 'gzip, deflate', 'Accept': '*/*', 'Connection': 'keep-alive', 'Content-Type': 'application/json', 'token': 'huacetest', 'Content-Length': '45', 'Authorization': 'Basic YWRtaW46aHVhY2UxMjM0NTY='}
2020-11-05 20:44:16,315 HttpClient.py [line:112] INFO 接口请求完成，响应值{'code': '001', 'msg': '用户名或密码错误'}
2020-11-05 20:44:16,315 testcase.py [line:44] INFO 验证结果
2020-11-05 20:44:16,315 HttpClient.py [line:83] INFO 开始请求第3个接口,url:http://127.0.0.1:5000/api/huace/userInfo,入参:{'userid': '1'}
2020-11-05 20:44:16,319 HttpClient.py [line:94] INFO {'User-Agent': 'python-requests/2.19.1', 'Accept-Encoding': 'gzip, deflate', 'Accept': '*/*', 'Connection': 'keep-alive', 'Content-Type': 'application/x-www-form-urlencoded', 'token': 'huacetest', 'Content-Length': '8', 'Authorization': 'Basic YWRtaW46aHVhY2UxMjM0NTY='}
2020-11-05 20:44:16,319 HttpClient.py [line:95] INFO <Response [200]>
2020-11-05 20:44:16,319 HttpClient.py [line:111] INFO 接口请求的头部信息{'User-Agent': 'python-requests/2.19.1', 'Accept-Encoding': 'gzip, deflate', 'Accept': '*/*', 'Connection': 'keep-alive', 'Content-Type': 'application/x-www-form-urlencoded', 'token': 'huacetest', 'Content-Length': '8', 'Authorization': 'Basic YWRtaW46aHVhY2UxMjM0NTY='}
2020-11-05 20:44:16,320 HttpClient.py [line:112] INFO 接口请求完成，响应值{'code': '000', 'data': [{'name': 'admin'}, {'userid': '001'}]}
2020-11-05 20:44:16,320 testcase.py [line:44] INFO 验证结果
2020-11-05 20:44:16,320 HttpClient.py [line:83] INFO 开始请求第4个接口,url:http://127.0.0.1:5000/api/huace/login,入参:{'username': 'admin111', 'password': '123456'}
2020-11-05 20:44:16,324 HttpClient.py [line:94] INFO {'User-Agent': 'python-requests/2.19.1', 'Accept-Encoding': 'gzip, deflate', 'Accept': '*/*', 'Connection': 'keep-alive', 'Content-Type': 'application/json', 'token': 'huacetest', 'Content-Length': '46', 'Authorization': 'Basic YWRtaW46aHVhY2UxMjM0NTY='}
2020-11-05 20:44:16,324 HttpClient.py [line:95] INFO <Response [200]>
2020-11-05 20:44:16,324 HttpClient.py [line:111] INFO 接口请求的头部信息{'User-Agent': 'python-requests/2.19.1', 'Accept-Encoding': 'gzip, deflate', 'Accept': '*/*', 'Connection': 'keep-alive', 'Content-Type': 'application/json', 'token': 'huacetest', 'Content-Length': '46', 'Authorization': 'Basic YWRtaW46aHVhY2UxMjM0NTY='}
2020-11-05 20:44:16,324 HttpClient.py [line:112] INFO 接口请求完成，响应值{'code': '001', 'msg': '用户名或密码错误'}
2020-11-05 20:44:16,324 testcase.py [line:44] INFO 验证结果
2020-11-05 20:44:38,142 HttpClient.py [line:83] INFO 开始请求第1个接口,url:http://127.0.0.1:5000/api/huace/login,入参:{'username': 'admin', 'password': '123456'}
2020-11-05 20:44:38,148 HttpClient.py [line:94] INFO {'User-Agent': 'python-requests/2.19.1', 'Accept-Encoding': 'gzip, deflate', 'Accept': '*/*', 'Connection': 'keep-alive', 'Content-Type': 'application/json', 'Content-Length': '43', 'Authorization': 'Basic YWRtaW46aHVhY2UxMjM0NTY='}
2020-11-05 20:44:38,148 HttpClient.py [line:95] INFO <Response [200]>
2020-11-05 20:44:38,165 HttpClient.py [line:111] INFO 接口请求的头部信息{'User-Agent': 'python-requests/2.19.1', 'Accept-Encoding': 'gzip, deflate', 'Accept': '*/*', 'Connection': 'keep-alive', 'Content-Type': 'application/json', 'Content-Length': '43', 'Authorization': 'Basic YWRtaW46aHVhY2UxMjM0NTY='}
2020-11-05 20:44:38,165 HttpClient.py [line:112] INFO 接口请求完成，响应值{'adress': {'city': 'changsha'}, 'httpstatus': 200, 'info': {'age': 18, 'name': 'admin'}, 'msg': 'success', 'token': 'huacetest'}
2020-11-05 20:44:38,165 testcase.py [line:44] INFO 验证结果
2020-11-05 20:44:38,165 HttpClient.py [line:83] INFO 开始请求第2个接口,url:http://127.0.0.1:5000/api/huace/login,入参:{'username': 'admin', 'password': '12345678'}
2020-11-05 20:44:38,170 HttpClient.py [line:94] INFO {'User-Agent': 'python-requests/2.19.1', 'Accept-Encoding': 'gzip, deflate', 'Accept': '*/*', 'Connection': 'keep-alive', 'Content-Type': 'application/json', 'token': 'huacetest', 'Content-Length': '45', 'Authorization': 'Basic YWRtaW46aHVhY2UxMjM0NTY='}
2020-11-05 20:44:38,170 HttpClient.py [line:95] INFO <Response [200]>
2020-11-05 20:44:38,170 HttpClient.py [line:111] INFO 接口请求的头部信息{'User-Agent': 'python-requests/2.19.1', 'Accept-Encoding': 'gzip, deflate', 'Accept': '*/*', 'Connection': 'keep-alive', 'Content-Type': 'application/json', 'token': 'huacetest', 'Content-Length': '45', 'Authorization': 'Basic YWRtaW46aHVhY2UxMjM0NTY='}
2020-11-05 20:44:38,170 HttpClient.py [line:112] INFO 接口请求完成，响应值{'code': '001', 'msg': '用户名或密码错误'}
2020-11-05 20:44:38,170 testcase.py [line:44] INFO 验证结果
2020-11-05 20:44:38,170 HttpClient.py [line:83] INFO 开始请求第3个接口,url:http://127.0.0.1:5000/api/huace/userInfo,入参:{'userid': '1'}
2020-11-05 20:44:38,174 HttpClient.py [line:94] INFO {'User-Agent': 'python-requests/2.19.1', 'Accept-Encoding': 'gzip, deflate', 'Accept': '*/*', 'Connection': 'keep-alive', 'Content-Type': 'application/x-www-form-urlencoded', 'token': 'huacetest', 'Content-Length': '8', 'Authorization': 'Basic YWRtaW46aHVhY2UxMjM0NTY='}
2020-11-05 20:44:38,174 HttpClient.py [line:95] INFO <Response [200]>
2020-11-05 20:44:38,174 HttpClient.py [line:111] INFO 接口请求的头部信息{'User-Agent': 'python-requests/2.19.1', 'Accept-Encoding': 'gzip, deflate', 'Accept': '*/*', 'Connection': 'keep-alive', 'Content-Type': 'application/x-www-form-urlencoded', 'token': 'huacetest', 'Content-Length': '8', 'Authorization': 'Basic YWRtaW46aHVhY2UxMjM0NTY='}
2020-11-05 20:44:38,174 HttpClient.py [line:112] INFO 接口请求完成，响应值{'code': '000', 'data': [{'name': 'admin'}, {'userid': '001'}]}
2020-11-05 20:44:38,174 testcase.py [line:44] INFO 验证结果
2020-11-05 20:44:38,175 HttpClient.py [line:83] INFO 开始请求第4个接口,url:http://127.0.0.1:5000/api/huace/login,入参:{'username': 'admin111', 'password': '123456'}
2020-11-05 20:44:38,179 HttpClient.py [line:94] INFO {'User-Agent': 'python-requests/2.19.1', 'Accept-Encoding': 'gzip, deflate', 'Accept': '*/*', 'Connection': 'keep-alive', 'Content-Type': 'application/json', 'token': 'huacetest', 'Content-Length': '46', 'Authorization': 'Basic YWRtaW46aHVhY2UxMjM0NTY='}
2020-11-05 20:44:38,179 HttpClient.py [line:95] INFO <Response [200]>
2020-11-05 20:44:38,179 HttpClient.py [line:111] INFO 接口请求的头部信息{'User-Agent': 'python-requests/2.19.1', 'Accept-Encoding': 'gzip, deflate', 'Accept': '*/*', 'Connection': 'keep-alive', 'Content-Type': 'application/json', 'token': 'huacetest', 'Content-Length': '46', 'Authorization': 'Basic YWRtaW46aHVhY2UxMjM0NTY='}
2020-11-05 20:44:38,179 HttpClient.py [line:112] INFO 接口请求完成，响应值{'code': '001', 'msg': '用户名或密码错误'}
2020-11-05 20:44:38,179 testcase.py [line:44] INFO 验证结果
2020-11-05 20:45:11,993 HttpClient.py [line:83] INFO 开始请求第1个接口,url:http://127.0.0.1:5000/api/huace/login,入参:{'username': 'admin', 'password': '123456'}
2020-11-05 20:45:11,999 HttpClient.py [line:94] INFO {'User-Agent': 'python-requests/2.19.1', 'Accept-Encoding': 'gzip, deflate', 'Accept': '*/*', 'Connection': 'keep-alive', 'Content-Type': 'application/json', 'Content-Length': '43', 'Authorization': 'Basic YWRtaW46aHVhY2UxMjM0NTY='}
2020-11-05 20:45:11,999 HttpClient.py [line:95] INFO <Response [200]>
2020-11-05 20:45:12,017 HttpClient.py [line:111] INFO 接口请求的头部信息{'User-Agent': 'python-requests/2.19.1', 'Accept-Encoding': 'gzip, deflate', 'Accept': '*/*', 'Connection': 'keep-alive', 'Content-Type': 'application/json', 'Content-Length': '43', 'Authorization': 'Basic YWRtaW46aHVhY2UxMjM0NTY='}
2020-11-05 20:45:12,017 HttpClient.py [line:112] INFO 接口请求完成，响应值{'adress': {'city': 'changsha'}, 'httpstatus': 200, 'info': {'age': 18, 'name': 'admin'}, 'msg': 'success', 'token': 'huacetest'}
2020-11-05 20:45:12,017 testcase.py [line:44] INFO 验证结果
2020-11-05 20:45:12,018 HttpClient.py [line:83] INFO 开始请求第2个接口,url:http://127.0.0.1:5000/api/huace/login,入参:{'username': 'admin', 'password': '12345678'}
2020-11-05 20:45:12,022 HttpClient.py [line:94] INFO {'User-Agent': 'python-requests/2.19.1', 'Accept-Encoding': 'gzip, deflate', 'Accept': '*/*', 'Connection': 'keep-alive', 'Content-Type': 'application/json', 'token': 'huacetest', 'Content-Length': '45', 'Authorization': 'Basic YWRtaW46aHVhY2UxMjM0NTY='}
2020-11-05 20:45:12,022 HttpClient.py [line:95] INFO <Response [200]>
2020-11-05 20:45:12,022 HttpClient.py [line:111] INFO 接口请求的头部信息{'User-Agent': 'python-requests/2.19.1', 'Accept-Encoding': 'gzip, deflate', 'Accept': '*/*', 'Connection': 'keep-alive', 'Content-Type': 'application/json', 'token': 'huacetest', 'Content-Length': '45', 'Authorization': 'Basic YWRtaW46aHVhY2UxMjM0NTY='}
2020-11-05 20:45:12,022 HttpClient.py [line:112] INFO 接口请求完成，响应值{'code': '001', 'msg': '用户名或密码错误'}
2020-11-05 20:45:12,023 testcase.py [line:44] INFO 验证结果
2020-11-05 20:45:12,023 HttpClient.py [line:83] INFO 开始请求第3个接口,url:http://127.0.0.1:5000/api/huace/userInfo,入参:{'userid': '1'}
2020-11-05 20:45:12,027 HttpClient.py [line:94] INFO {'User-Agent': 'python-requests/2.19.1', 'Accept-Encoding': 'gzip, deflate', 'Accept': '*/*', 'Connection': 'keep-alive', 'Content-Type': 'application/x-www-form-urlencoded', 'token': 'huacetest', 'Content-Length': '8', 'Authorization': 'Basic YWRtaW46aHVhY2UxMjM0NTY='}
2020-11-05 20:45:12,027 HttpClient.py [line:95] INFO <Response [200]>
2020-11-05 20:45:12,027 HttpClient.py [line:111] INFO 接口请求的头部信息{'User-Agent': 'python-requests/2.19.1', 'Accept-Encoding': 'gzip, deflate', 'Accept': '*/*', 'Connection': 'keep-alive', 'Content-Type': 'application/x-www-form-urlencoded', 'token': 'huacetest', 'Content-Length': '8', 'Authorization': 'Basic YWRtaW46aHVhY2UxMjM0NTY='}
2020-11-05 20:45:12,028 HttpClient.py [line:112] INFO 接口请求完成，响应值{'code': '000', 'data': [{'name': 'admin'}, {'userid': '001'}]}
2020-11-05 20:45:12,028 testcase.py [line:44] INFO 验证结果
2020-11-05 20:45:12,028 HttpClient.py [line:83] INFO 开始请求第4个接口,url:http://127.0.0.1:5000/api/huace/login,入参:{'username': 'admin111', 'password': '123456'}
2020-11-05 20:45:12,033 HttpClient.py [line:94] INFO {'User-Agent': 'python-requests/2.19.1', 'Accept-Encoding': 'gzip, deflate', 'Accept': '*/*', 'Connection': 'keep-alive', 'Content-Type': 'application/json', 'token': 'huacetest', 'Content-Length': '46', 'Authorization': 'Basic YWRtaW46aHVhY2UxMjM0NTY='}
2020-11-05 20:45:12,033 HttpClient.py [line:95] INFO <Response [200]>
2020-11-05 20:45:12,034 HttpClient.py [line:111] INFO 接口请求的头部信息{'User-Agent': 'python-requests/2.19.1', 'Accept-Encoding': 'gzip, deflate', 'Accept': '*/*', 'Connection': 'keep-alive', 'Content-Type': 'application/json', 'token': 'huacetest', 'Content-Length': '46', 'Authorization': 'Basic YWRtaW46aHVhY2UxMjM0NTY='}
2020-11-05 20:45:12,034 HttpClient.py [line:112] INFO 接口请求完成，响应值{'code': '001', 'msg': '用户名或密码错误'}
2020-11-05 20:45:12,034 testcase.py [line:44] INFO 验证结果
2020-11-05 20:47:47,735 HttpClient.py [line:83] INFO 开始请求第1个接口,url:http://127.0.0.1:5000/api/huace/login,入参:{'username': 'admin', 'password': '123456'}
2020-11-05 20:47:47,742 HttpClient.py [line:94] INFO {'User-Agent': 'python-requests/2.19.1', 'Accept-Encoding': 'gzip, deflate', 'Accept': '*/*', 'Connection': 'keep-alive', 'Content-Type': 'application/json', 'Content-Length': '43', 'Authorization': 'Basic YWRtaW46aHVhY2UxMjM0NTY='}
2020-11-05 20:47:47,742 HttpClient.py [line:95] INFO <Response [200]>
2020-11-05 20:47:47,761 HttpClient.py [line:111] INFO 接口请求的头部信息{'User-Agent': 'python-requests/2.19.1', 'Accept-Encoding': 'gzip, deflate', 'Accept': '*/*', 'Connection': 'keep-alive', 'Content-Type': 'application/json', 'Content-Length': '43', 'Authorization': 'Basic YWRtaW46aHVhY2UxMjM0NTY='}
2020-11-05 20:47:47,761 HttpClient.py [line:112] INFO 接口请求完成，响应值{'adress': {'city': 'changsha'}, 'httpstatus': 200, 'info': {'age': 18, 'name': 'admin'}, 'msg': 'success', 'token': 'huacetest'}
2020-11-05 20:47:47,761 testcase.py [line:44] INFO 验证结果
2020-11-05 20:47:47,762 HttpClient.py [line:83] INFO 开始请求第2个接口,url:http://127.0.0.1:5000/api/huace/login,入参:{'username': 'admin', 'password': '12345678'}
2020-11-05 20:47:47,765 HttpClient.py [line:94] INFO {'User-Agent': 'python-requests/2.19.1', 'Accept-Encoding': 'gzip, deflate', 'Accept': '*/*', 'Connection': 'keep-alive', 'Content-Type': 'application/json', 'token': 'huacetest', 'Content-Length': '45', 'Authorization': 'Basic YWRtaW46aHVhY2UxMjM0NTY='}
2020-11-05 20:47:47,766 HttpClient.py [line:95] INFO <Response [200]>
2020-11-05 20:47:47,766 HttpClient.py [line:111] INFO 接口请求的头部信息{'User-Agent': 'python-requests/2.19.1', 'Accept-Encoding': 'gzip, deflate', 'Accept': '*/*', 'Connection': 'keep-alive', 'Content-Type': 'application/json', 'token': 'huacetest', 'Content-Length': '45', 'Authorization': 'Basic YWRtaW46aHVhY2UxMjM0NTY='}
2020-11-05 20:47:47,766 HttpClient.py [line:112] INFO 接口请求完成，响应值{'code': '001', 'msg': '用户名或密码错误'}
2020-11-05 20:47:47,766 testcase.py [line:44] INFO 验证结果
2020-11-05 20:47:47,766 HttpClient.py [line:83] INFO 开始请求第3个接口,url:http://127.0.0.1:5000/api/huace/userInfo,入参:{'userid': '1'}
2020-11-05 20:47:47,770 HttpClient.py [line:94] INFO {'User-Agent': 'python-requests/2.19.1', 'Accept-Encoding': 'gzip, deflate', 'Accept': '*/*', 'Connection': 'keep-alive', 'Content-Type': 'application/x-www-form-urlencoded', 'token': 'huacetest', 'Content-Length': '8', 'Authorization': 'Basic YWRtaW46aHVhY2UxMjM0NTY='}
2020-11-05 20:47:47,771 HttpClient.py [line:95] INFO <Response [200]>
2020-11-05 20:47:47,771 HttpClient.py [line:111] INFO 接口请求的头部信息{'User-Agent': 'python-requests/2.19.1', 'Accept-Encoding': 'gzip, deflate', 'Accept': '*/*', 'Connection': 'keep-alive', 'Content-Type': 'application/x-www-form-urlencoded', 'token': 'huacetest', 'Content-Length': '8', 'Authorization': 'Basic YWRtaW46aHVhY2UxMjM0NTY='}
2020-11-05 20:47:47,771 HttpClient.py [line:112] INFO 接口请求完成，响应值{'code': '000', 'data': [{'name': 'admin'}, {'userid': '001'}]}
2020-11-05 20:47:47,771 testcase.py [line:44] INFO 验证结果
2020-11-05 20:47:47,771 HttpClient.py [line:83] INFO 开始请求第4个接口,url:http://127.0.0.1:5000/api/huace/login,入参:{'username': 'admin111', 'password': '123456'}
2020-11-05 20:47:47,775 HttpClient.py [line:94] INFO {'User-Agent': 'python-requests/2.19.1', 'Accept-Encoding': 'gzip, deflate', 'Accept': '*/*', 'Connection': 'keep-alive', 'Content-Type': 'application/json', 'token': 'huacetest', 'Content-Length': '46', 'Authorization': 'Basic YWRtaW46aHVhY2UxMjM0NTY='}
2020-11-05 20:47:47,776 HttpClient.py [line:95] INFO <Response [200]>
2020-11-05 20:47:47,776 HttpClient.py [line:111] INFO 接口请求的头部信息{'User-Agent': 'python-requests/2.19.1', 'Accept-Encoding': 'gzip, deflate', 'Accept': '*/*', 'Connection': 'keep-alive', 'Content-Type': 'application/json', 'token': 'huacetest', 'Content-Length': '46', 'Authorization': 'Basic YWRtaW46aHVhY2UxMjM0NTY='}
2020-11-05 20:47:47,776 HttpClient.py [line:112] INFO 接口请求完成，响应值{'code': '001', 'msg': '用户名或密码错误'}
2020-11-05 20:47:47,776 testcase.py [line:44] INFO 验证结果
2020-11-05 20:48:11,243 HttpClient.py [line:83] INFO 开始请求第1个接口,url:http://127.0.0.1:5000/api/huace/login,入参:{'username': 'admin', 'password': '123456'}
2020-11-05 20:48:11,249 HttpClient.py [line:94] INFO {'User-Agent': 'python-requests/2.19.1', 'Accept-Encoding': 'gzip, deflate', 'Accept': '*/*', 'Connection': 'keep-alive', 'Content-Type': 'application/json', 'Content-Length': '43', 'Authorization': 'Basic YWRtaW46aHVhY2UxMjM0NTY='}
2020-11-05 20:48:11,249 HttpClient.py [line:95] INFO <Response [200]>
2020-11-05 20:48:11,267 HttpClient.py [line:111] INFO 接口请求的头部信息{'User-Agent': 'python-requests/2.19.1', 'Accept-Encoding': 'gzip, deflate', 'Accept': '*/*', 'Connection': 'keep-alive', 'Content-Type': 'application/json', 'Content-Length': '43', 'Authorization': 'Basic YWRtaW46aHVhY2UxMjM0NTY='}
2020-11-05 20:48:11,267 HttpClient.py [line:112] INFO 接口请求完成，响应值{'adress': {'city': 'changsha'}, 'httpstatus': 200, 'info': {'age': 18, 'name': 'admin'}, 'msg': 'success', 'token': 'huacetest'}
2020-11-05 20:48:11,267 testcase.py [line:44] INFO 验证结果
2020-11-05 20:48:11,268 HttpClient.py [line:83] INFO 开始请求第2个接口,url:http://127.0.0.1:5000/api/huace/login,入参:{'username': 'admin', 'password': '12345678'}
2020-11-05 20:48:11,275 HttpClient.py [line:94] INFO {'User-Agent': 'python-requests/2.19.1', 'Accept-Encoding': 'gzip, deflate', 'Accept': '*/*', 'Connection': 'keep-alive', 'Content-Type': 'application/json', 'token': 'huacetest', 'Content-Length': '45', 'Authorization': 'Basic YWRtaW46aHVhY2UxMjM0NTY='}
2020-11-05 20:48:11,275 HttpClient.py [line:95] INFO <Response [200]>
2020-11-05 20:48:11,275 HttpClient.py [line:111] INFO 接口请求的头部信息{'User-Agent': 'python-requests/2.19.1', 'Accept-Encoding': 'gzip, deflate', 'Accept': '*/*', 'Connection': 'keep-alive', 'Content-Type': 'application/json', 'token': 'huacetest', 'Content-Length': '45', 'Authorization': 'Basic YWRtaW46aHVhY2UxMjM0NTY='}
2020-11-05 20:48:11,275 HttpClient.py [line:112] INFO 接口请求完成，响应值{'code': '001', 'msg': '用户名或密码错误'}
2020-11-05 20:48:11,275 testcase.py [line:44] INFO 验证结果
2020-11-05 20:48:11,275 HttpClient.py [line:83] INFO 开始请求第3个接口,url:http://127.0.0.1:5000/api/huace/userInfo,入参:{'userid': '1'}
2020-11-05 20:48:11,281 HttpClient.py [line:94] INFO {'User-Agent': 'python-requests/2.19.1', 'Accept-Encoding': 'gzip, deflate', 'Accept': '*/*', 'Connection': 'keep-alive', 'Content-Type': 'application/x-www-form-urlencoded', 'token': 'huacetest', 'Content-Length': '8', 'Authorization': 'Basic YWRtaW46aHVhY2UxMjM0NTY='}
2020-11-05 20:48:11,282 HttpClient.py [line:95] INFO <Response [200]>
2020-11-05 20:48:11,282 HttpClient.py [line:111] INFO 接口请求的头部信息{'User-Agent': 'python-requests/2.19.1', 'Accept-Encoding': 'gzip, deflate', 'Accept': '*/*', 'Connection': 'keep-alive', 'Content-Type': 'application/x-www-form-urlencoded', 'token': 'huacetest', 'Content-Length': '8', 'Authorization': 'Basic YWRtaW46aHVhY2UxMjM0NTY='}
2020-11-05 20:48:11,282 HttpClient.py [line:112] INFO 接口请求完成，响应值{'code': '000', 'data': [{'name': 'admin'}, {'userid': '001'}]}
2020-11-05 20:48:11,282 testcase.py [line:44] INFO 验证结果这个code的值预期是:0001,而实际返回的是:000
2020-11-05 20:48:11,283 HttpClient.py [line:83] INFO 开始请求第4个接口,url:http://127.0.0.1:5000/api/huace/login,入参:{'username': 'admin111', 'password': '123456'}
2020-11-05 20:48:11,287 HttpClient.py [line:94] INFO {'User-Agent': 'python-requests/2.19.1', 'Accept-Encoding': 'gzip, deflate', 'Accept': '*/*', 'Connection': 'keep-alive', 'Content-Type': 'application/json', 'token': 'huacetest', 'Content-Length': '46', 'Authorization': 'Basic YWRtaW46aHVhY2UxMjM0NTY='}
2020-11-05 20:48:11,287 HttpClient.py [line:95] INFO <Response [200]>
2020-11-05 20:48:11,287 HttpClient.py [line:111] INFO 接口请求的头部信息{'User-Agent': 'python-requests/2.19.1', 'Accept-Encoding': 'gzip, deflate', 'Accept': '*/*', 'Connection': 'keep-alive', 'Content-Type': 'application/json', 'token': 'huacetest', 'Content-Length': '46', 'Authorization': 'Basic YWRtaW46aHVhY2UxMjM0NTY='}
2020-11-05 20:48:11,287 HttpClient.py [line:112] INFO 接口请求完成，响应值{'code': '001', 'msg': '用户名或密码错误'}
2020-11-05 20:48:11,287 testcase.py [line:44] INFO 验证结果
2020-11-05 20:50:08,013 HttpClient.py [line:84] INFO 开始请求第1个接口,url:http://127.0.0.1:5000/api/huace/login,入参:{'username': 'admin', 'password': '123456'}
2020-11-05 20:50:08,019 HttpClient.py [line:95] INFO {'User-Agent': 'python-requests/2.19.1', 'Accept-Encoding': 'gzip, deflate', 'Accept': '*/*', 'Connection': 'keep-alive', 'Content-Type': 'application/json', 'Content-Length': '43', 'Authorization': 'Basic YWRtaW46aHVhY2UxMjM0NTY='}
2020-11-05 20:50:08,019 HttpClient.py [line:96] INFO <Response [200]>
2020-11-05 20:50:08,041 HttpClient.py [line:112] INFO 接口请求的头部信息{'User-Agent': 'python-requests/2.19.1', 'Accept-Encoding': 'gzip, deflate', 'Accept': '*/*', 'Connection': 'keep-alive', 'Content-Type': 'application/json', 'Content-Length': '43', 'Authorization': 'Basic YWRtaW46aHVhY2UxMjM0NTY='}
2020-11-05 20:50:08,041 HttpClient.py [line:113] INFO 接口请求完成，响应值{'adress': {'city': 'changsha'}, 'httpstatus': 200, 'info': {'age': 18, 'name': 'admin'}, 'msg': 'success', 'token': 'huacetest'}
2020-11-05 20:50:08,041 testcase.py [line:44] INFO 验证结果
2020-11-05 20:50:08,042 HttpClient.py [line:84] INFO 开始请求第2个接口,url:http://127.0.0.1:5000/api/huace/login,入参:{'username': 'admin', 'password': '12345678'}
2020-11-05 20:50:08,045 HttpClient.py [line:95] INFO {'User-Agent': 'python-requests/2.19.1', 'Accept-Encoding': 'gzip, deflate', 'Accept': '*/*', 'Connection': 'keep-alive', 'Content-Type': 'application/json', 'token': 'huacetest', 'Content-Length': '45', 'Authorization': 'Basic YWRtaW46aHVhY2UxMjM0NTY='}
2020-11-05 20:50:08,046 HttpClient.py [line:96] INFO <Response [200]>
2020-11-05 20:50:08,046 HttpClient.py [line:112] INFO 接口请求的头部信息{'User-Agent': 'python-requests/2.19.1', 'Accept-Encoding': 'gzip, deflate', 'Accept': '*/*', 'Connection': 'keep-alive', 'Content-Type': 'application/json', 'token': 'huacetest', 'Content-Length': '45', 'Authorization': 'Basic YWRtaW46aHVhY2UxMjM0NTY='}
2020-11-05 20:50:08,046 HttpClient.py [line:113] INFO 接口请求完成，响应值{'code': '001', 'msg': '用户名或密码错误'}
2020-11-05 20:50:08,046 testcase.py [line:44] INFO 验证结果
2020-11-05 20:50:08,046 HttpClient.py [line:84] INFO 开始请求第3个接口,url:http://127.0.0.1:5000/api/huace/userInfo,入参:{'userid': '1'}
2020-11-05 20:50:08,052 HttpClient.py [line:95] INFO {'User-Agent': 'python-requests/2.19.1', 'Accept-Encoding': 'gzip, deflate', 'Accept': '*/*', 'Connection': 'keep-alive', 'Content-Type': 'application/x-www-form-urlencoded', 'token': 'huacetest', 'Content-Length': '8', 'Authorization': 'Basic YWRtaW46aHVhY2UxMjM0NTY='}
2020-11-05 20:50:08,052 HttpClient.py [line:96] INFO <Response [200]>
2020-11-05 20:50:08,052 HttpClient.py [line:112] INFO 接口请求的头部信息{'User-Agent': 'python-requests/2.19.1', 'Accept-Encoding': 'gzip, deflate', 'Accept': '*/*', 'Connection': 'keep-alive', 'Content-Type': 'application/x-www-form-urlencoded', 'token': 'huacetest', 'Content-Length': '8', 'Authorization': 'Basic YWRtaW46aHVhY2UxMjM0NTY='}
2020-11-05 20:50:08,052 HttpClient.py [line:113] INFO 接口请求完成，响应值{'code': '000', 'data': [{'name': 'admin'}, {'userid': '001'}]}
2020-11-05 20:50:08,053 testcase.py [line:44] INFO 验证结果这个code的值预期是:0001,而实际返回的是:000
2020-11-05 20:50:08,054 HttpClient.py [line:84] INFO 开始请求第4个接口,url:http://127.0.0.1:5000/api/huace/login,入参:{'username': 'admin111', 'password': '123456'}
2020-11-05 20:50:08,057 HttpClient.py [line:95] INFO {'User-Agent': 'python-requests/2.19.1', 'Accept-Encoding': 'gzip, deflate', 'Accept': '*/*', 'Connection': 'keep-alive', 'Content-Type': 'application/json', 'token': 'huacetest', 'Content-Length': '46', 'Authorization': 'Basic YWRtaW46aHVhY2UxMjM0NTY='}
2020-11-05 20:50:08,058 HttpClient.py [line:96] INFO <Response [200]>
2020-11-05 20:50:08,058 HttpClient.py [line:112] INFO 接口请求的头部信息{'User-Agent': 'python-requests/2.19.1', 'Accept-Encoding': 'gzip, deflate', 'Accept': '*/*', 'Connection': 'keep-alive', 'Content-Type': 'application/json', 'token': 'huacetest', 'Content-Length': '46', 'Authorization': 'Basic YWRtaW46aHVhY2UxMjM0NTY='}
2020-11-05 20:50:08,058 HttpClient.py [line:113] INFO 接口请求完成，响应值{'code': '001', 'msg': '用户名或密码错误'}
2020-11-05 20:50:08,058 testcase.py [line:44] INFO 验证结果
2020-11-05 21:59:06,707 HttpClient.py [line:84] INFO 开始请求第0个接口,url:http://127.0.0.1:5000/api/huace/login,入参:{'username': 'admin', 'password': '123456'}
2020-11-05 21:59:06,727 HttpClient.py [line:95] INFO {'User-Agent': 'python-requests/2.19.1', 'Accept-Encoding': 'gzip, deflate', 'Accept': '*/*', 'Connection': 'keep-alive', 'Content-Type': 'application/json', 'Content-Length': '43', 'Authorization': 'Basic YWRtaW46aHVhY2UxMjM0NTY='}
2020-11-05 21:59:06,727 HttpClient.py [line:96] INFO <Response [200]>
2020-11-05 21:59:06,727 HttpClient.py [line:112] INFO 接口请求的头部信息{'User-Agent': 'python-requests/2.19.1', 'Accept-Encoding': 'gzip, deflate', 'Accept': '*/*', 'Connection': 'keep-alive', 'Content-Type': 'application/json', 'Content-Length': '43', 'Authorization': 'Basic YWRtaW46aHVhY2UxMjM0NTY='}
2020-11-05 21:59:06,727 HttpClient.py [line:113] INFO 接口请求完成，响应值{'adress': {'city': 'changsha'}, 'httpstatus': 200, 'info': {'age': 18, 'name': 'admin'}, 'msg': 'success', 'token': 'huacetest'}
2020-11-05 21:59:06,727 testcase.py [line:75] INFO 验证结果
2020-11-05 21:59:06,728 HttpClient.py [line:84] INFO 开始请求第0个接口,url:http://127.0.0.1:5000/api/huace/login,入参:{'username': 'admin', 'password': '12345678'}
2020-11-05 21:59:06,731 HttpClient.py [line:95] INFO {'User-Agent': 'python-requests/2.19.1', 'Accept-Encoding': 'gzip, deflate', 'Accept': '*/*', 'Connection': 'keep-alive', 'Content-Type': 'application/json', 'Content-Length': '45', 'Authorization': 'Basic YWRtaW46aHVhY2UxMjM0NTY='}
2020-11-05 21:59:06,731 HttpClient.py [line:96] INFO <Response [200]>
2020-11-05 21:59:06,732 HttpClient.py [line:112] INFO 接口请求的头部信息{'User-Agent': 'python-requests/2.19.1', 'Accept-Encoding': 'gzip, deflate', 'Accept': '*/*', 'Connection': 'keep-alive', 'Content-Type': 'application/json', 'Content-Length': '45', 'Authorization': 'Basic YWRtaW46aHVhY2UxMjM0NTY='}
2020-11-05 21:59:06,732 HttpClient.py [line:113] INFO 接口请求完成，响应值{'code': '001', 'msg': '用户名或密码错误'}
2020-11-05 21:59:06,732 testcase.py [line:75] INFO 验证结果info根本不在实际结果里面
2020-11-05 22:00:02,090 HttpClient.py [line:84] INFO 开始请求第0个接口,url:http://127.0.0.1:5000/api/huace/login,入参:{'username': 'admin', 'password': '123456'}
2020-11-05 22:00:02,095 HttpClient.py [line:95] INFO {'User-Agent': 'python-requests/2.19.1', 'Accept-Encoding': 'gzip, deflate', 'Accept': '*/*', 'Connection': 'keep-alive', 'Content-Type': 'application/json', 'Content-Length': '43', 'Authorization': 'Basic YWRtaW46aHVhY2UxMjM0NTY='}
2020-11-05 22:00:02,095 HttpClient.py [line:96] INFO <Response [200]>
2020-11-05 22:00:02,096 HttpClient.py [line:112] INFO 接口请求的头部信息{'User-Agent': 'python-requests/2.19.1', 'Accept-Encoding': 'gzip, deflate', 'Accept': '*/*', 'Connection': 'keep-alive', 'Content-Type': 'application/json', 'Content-Length': '43', 'Authorization': 'Basic YWRtaW46aHVhY2UxMjM0NTY='}
2020-11-05 22:00:02,096 HttpClient.py [line:113] INFO 接口请求完成，响应值{'adress': {'city': 'changsha'}, 'httpstatus': 200, 'info': {'age': 18, 'name': 'admin'}, 'msg': 'success', 'token': 'huacetest'}
2020-11-05 22:00:02,096 testcase.py [line:75] INFO 验证结果
2020-11-05 22:00:02,096 HttpClient.py [line:84] INFO 开始请求第0个接口,url:http://127.0.0.1:5000/api/huace/login,入参:{'username': 'admin', 'password': '12345678'}
2020-11-05 22:00:02,102 HttpClient.py [line:95] INFO {'User-Agent': 'python-requests/2.19.1', 'Accept-Encoding': 'gzip, deflate', 'Accept': '*/*', 'Connection': 'keep-alive', 'Content-Type': 'application/json', 'Content-Length': '45', 'Authorization': 'Basic YWRtaW46aHVhY2UxMjM0NTY='}
2020-11-05 22:00:02,102 HttpClient.py [line:96] INFO <Response [200]>
2020-11-05 22:00:02,102 HttpClient.py [line:112] INFO 接口请求的头部信息{'User-Agent': 'python-requests/2.19.1', 'Accept-Encoding': 'gzip, deflate', 'Accept': '*/*', 'Connection': 'keep-alive', 'Content-Type': 'application/json', 'Content-Length': '45', 'Authorization': 'Basic YWRtaW46aHVhY2UxMjM0NTY='}
2020-11-05 22:00:02,102 HttpClient.py [line:113] INFO 接口请求完成，响应值{'code': '001', 'msg': '用户名或密码错误'}
2020-11-05 22:00:02,102 testcase.py [line:75] INFO 验证结果这个code的值预期是:000,而实际返回的是:001
